<?xml version="1.0" encoding="UTF-8"?>
<testng-results skipped="0" failed="2" total="3" passed="1">
  <reporter-output>
  </reporter-output>
  <suite name="TestSuite" duration-ms="396379" started-at="2016-04-05T14:28:25Z" finished-at="2016-04-05T14:35:02Z">
    <groups>
    </groups>
    <test name="Unity" duration-ms="396379" started-at="2016-04-05T14:28:25Z" finished-at="2016-04-05T14:35:02Z">
      <class name="tests.TestCreationTest">
        <test-method status="PASS" signature="suiteSetUp(org.testng.ITestContext)[pri:0, instance:tests.TestCreationTest@4c203ea1]" name="suiteSetUp" is-config="true" duration-ms="13" started-at="2016-04-05T09:28:25Z" finished-at="2016-04-05T09:28:25Z">
          <params>
            <param index="0">
              <value>
                <![CDATA[org.testng.TestRunner@6e01f9b0]]>
              </value>
            </param>
          </params>
          <reporter-output>
          </reporter-output>
        </test-method> <!-- suiteSetUp -->
        <test-method status="PASS" signature="loadUnityMessagesProperty()[pri:0, instance:tests.TestCreationTest@4c203ea1]" name="loadUnityMessagesProperty" is-config="true" duration-ms="3" started-at="2016-04-05T09:28:25Z" finished-at="2016-04-05T09:28:25Z">
          <reporter-output>
          </reporter-output>
        </test-method> <!-- loadUnityMessagesProperty -->
        <test-method status="PASS" signature="classSetUp(org.testng.ITestContext)[pri:0, instance:tests.TestCreationTest@4c203ea1]" name="classSetUp" is-config="true" duration-ms="2572" started-at="2016-04-05T09:28:25Z" finished-at="2016-04-05T09:28:28Z">
          <params>
            <param index="0">
              <value>
                <![CDATA[org.testng.TestRunner@6e01f9b0]]>
              </value>
            </param>
          </params>
          <reporter-output>
          </reporter-output>
        </test-method> <!-- classSetUp -->
        <test-method status="PASS" signature="setUp()[pri:0, instance:tests.TestCreationTest@4c203ea1]" name="setUp" is-config="true" duration-ms="37707" started-at="2016-04-05T09:28:28Z" finished-at="2016-04-05T09:29:06Z">
          <reporter-output>
          </reporter-output>
        </test-method> <!-- setUp -->
        <test-method status="FAIL" signature="testAddtest()[pri:0, instance:tests.TestCreationTest@4c203ea1]" name="testAddtest" duration-ms="236631" started-at="2016-04-05T09:29:06Z" finished-at="2016-04-05T09:33:02Z">
          <exception class="java.lang.AssertionError">
            <message>
              <![CDATA[expected [auto_test1459866546099] but found [Happy Path test]]]>
            </message>
            <full-stacktrace>
              <![CDATA[java.lang.AssertionError: expected [auto_test1459866546099] but found [Happy Path test]
	at org.testng.Assert.fail(Assert.java:94)
	at org.testng.Assert.failNotEquals(Assert.java:494)
	at org.testng.Assert.assertEquals(Assert.java:123)
	at org.testng.Assert.assertEquals(Assert.java:176)
	at org.testng.Assert.assertEquals(Assert.java:186)
	at tests.TestCreationTest.testAddtest(TestCreationTest.java:199)
	at sun.reflect.NativeMethodAccessorImpl.invoke0(Native Method)
	at sun.reflect.NativeMethodAccessorImpl.invoke(Unknown Source)
	at sun.reflect.DelegatingMethodAccessorImpl.invoke(Unknown Source)
	at java.lang.reflect.Method.invoke(Unknown Source)
	at org.testng.internal.MethodInvocationHelper.invokeMethod(MethodInvocationHelper.java:84)
	at org.testng.internal.Invoker.invokeMethod(Invoker.java:714)
	at org.testng.internal.Invoker.invokeTestMethod(Invoker.java:901)
	at org.testng.internal.Invoker.invokeTestMethods(Invoker.java:1231)
	at org.testng.internal.TestMethodWorker.invokeTestMethods(TestMethodWorker.java:127)
	at org.testng.internal.TestMethodWorker.run(TestMethodWorker.java:111)
	at org.testng.TestRunner.privateRun(TestRunner.java:767)
	at org.testng.TestRunner.run(TestRunner.java:617)
	at org.testng.SuiteRunner.runTest(SuiteRunner.java:334)
	at org.testng.SuiteRunner.runSequentially(SuiteRunner.java:329)
	at org.testng.SuiteRunner.privateRun(SuiteRunner.java:291)
	at org.testng.SuiteRunner.run(SuiteRunner.java:240)
	at org.testng.SuiteRunnerWorker.runSuite(SuiteRunnerWorker.java:52)
	at org.testng.SuiteRunnerWorker.run(SuiteRunnerWorker.java:86)
	at org.testng.TestNG.runSuitesSequentially(TestNG.java:1224)
	at org.testng.TestNG.runSuitesLocally(TestNG.java:1149)
	at org.testng.TestNG.run(TestNG.java:1057)
	at org.testng.remote.RemoteTestNG.run(RemoteTestNG.java:111)
	at org.testng.remote.RemoteTestNG.initAndRun(RemoteTestNG.java:204)
	at org.testng.remote.RemoteTestNG.main(RemoteTestNG.java:175)
]]>
            </full-stacktrace>
          </exception> <!-- java.lang.AssertionError -->
          <reporter-output>
          </reporter-output>
        </test-method> <!-- testAddtest -->
        <test-method status="PASS" signature="tearDown()[pri:0, instance:tests.TestCreationTest@4c203ea1]" name="tearDown" is-config="true" duration-ms="1" started-at="2016-04-05T09:33:02Z" finished-at="2016-04-05T09:33:02Z">
          <reporter-output>
          </reporter-output>
        </test-method> <!-- tearDown -->
        <test-method status="PASS" signature="setUp()[pri:0, instance:tests.TestCreationTest@4c203ea1]" name="setUp" is-config="true" duration-ms="34250" started-at="2016-04-05T09:33:02Z" finished-at="2016-04-05T09:33:36Z">
          <reporter-output>
          </reporter-output>
        </test-method> <!-- setUp -->
        <test-method status="PASS" signature="testCreatTestWithAnswerEliminatorTool()[pri:0, instance:tests.TestCreationTest@4c203ea1]" name="testCreatTestWithAnswerEliminatorTool" duration-ms="1" started-at="2016-04-05T09:33:36Z" finished-at="2016-04-05T09:33:36Z">
          <reporter-output>
          </reporter-output>
        </test-method> <!-- testCreatTestWithAnswerEliminatorTool -->
        <test-method status="PASS" signature="tearDown()[pri:0, instance:tests.TestCreationTest@4c203ea1]" name="tearDown" is-config="true" duration-ms="1" started-at="2016-04-05T09:33:36Z" finished-at="2016-04-05T09:33:36Z">
          <reporter-output>
          </reporter-output>
        </test-method> <!-- tearDown -->
        <test-method status="PASS" signature="setUp()[pri:0, instance:tests.TestCreationTest@4c203ea1]" name="setUp" is-config="true" duration-ms="33638" started-at="2016-04-05T09:33:36Z" finished-at="2016-04-05T09:34:10Z">
          <reporter-output>
          </reporter-output>
        </test-method> <!-- setUp -->
        <test-method status="FAIL" signature="testItemAlertMessage()[pri:0, instance:tests.TestCreationTest@4c203ea1]" name="testItemAlertMessage" duration-ms="50461" started-at="2016-04-05T09:34:10Z" finished-at="2016-04-05T09:35:01Z">
          <exception class="org.openqa.selenium.NoSuchElementException">
            <message>
              <![CDATA[no such element: Unable to locate element: {"method":"xpath","selector":".//*[@id='quickViewContentCreate']/div/form/div[1]/div/button"}
  (Session info: chrome=49.0.2623.87)
  (Driver info: chromedriver=2.21.371459 (36d3d07f660ff2bc1bf28a75d1cdabed0983e7c4),platform=Windows NT 10.0 x86_64) (WARNING: The server did not provide any stacktrace information)
Command duration or timeout: 21 milliseconds
For documentation on this error, please visit: http://seleniumhq.org/exceptions/no_such_element.html
Build info: version: '2.45.0', revision: '5017cb8', time: '2015-02-26 23:59:50'
System info: host: 'Andres-PC', ip: '192.168.56.1', os.name: 'Windows 10', os.arch: 'amd64', os.version: '10.0', java.version: '1.8.0_73'
Driver info: org.openqa.selenium.chrome.ChromeDriver
Capabilities [{applicationCacheEnabled=false, rotatable=false, mobileEmulationEnabled=false, chrome={chromedriverVersion=2.21.371459 (36d3d07f660ff2bc1bf28a75d1cdabed0983e7c4), userDataDir=C:\Users\Andrea\AppData\Local\Temp\scoped_dir9368_23450}, takesHeapSnapshot=true, databaseEnabled=false, handlesAlerts=true, hasTouchScreen=false, version=49.0.2623.87, platform=XP, browserConnectionEnabled=false, nativeEvents=true, acceptSslCerts=true, locationContextEnabled=true, webStorageEnabled=true, browserName=chrome, takesScreenshot=true, javascriptEnabled=true, cssSelectorsEnabled=true}]
Session ID: 95438bd8839eb194e7c742f40db92833
*** Element info: {Using=xpath, value=.//*[@id='quickViewContentCreate']/div/form/div[1]/div/button}]]>
            </message>
            <full-stacktrace>
              <![CDATA[org.openqa.selenium.NoSuchElementException: no such element: Unable to locate element: {"method":"xpath","selector":".//*[@id='quickViewContentCreate']/div/form/div[1]/div/button"}
  (Session info: chrome=49.0.2623.87)
  (Driver info: chromedriver=2.21.371459 (36d3d07f660ff2bc1bf28a75d1cdabed0983e7c4),platform=Windows NT 10.0 x86_64) (WARNING: The server did not provide any stacktrace information)
Command duration or timeout: 21 milliseconds
For documentation on this error, please visit: http://seleniumhq.org/exceptions/no_such_element.html
Build info: version: '2.45.0', revision: '5017cb8', time: '2015-02-26 23:59:50'
System info: host: 'Andres-PC', ip: '192.168.56.1', os.name: 'Windows 10', os.arch: 'amd64', os.version: '10.0', java.version: '1.8.0_73'
Driver info: org.openqa.selenium.chrome.ChromeDriver
Capabilities [{applicationCacheEnabled=false, rotatable=false, mobileEmulationEnabled=false, chrome={chromedriverVersion=2.21.371459 (36d3d07f660ff2bc1bf28a75d1cdabed0983e7c4), userDataDir=C:\Users\Andrea\AppData\Local\Temp\scoped_dir9368_23450}, takesHeapSnapshot=true, databaseEnabled=false, handlesAlerts=true, hasTouchScreen=false, version=49.0.2623.87, platform=XP, browserConnectionEnabled=false, nativeEvents=true, acceptSslCerts=true, locationContextEnabled=true, webStorageEnabled=true, browserName=chrome, takesScreenshot=true, javascriptEnabled=true, cssSelectorsEnabled=true}]
Session ID: 95438bd8839eb194e7c742f40db92833
*** Element info: {Using=xpath, value=.//*[@id='quickViewContentCreate']/div/form/div[1]/div/button}
	at sun.reflect.GeneratedConstructorAccessor12.newInstance(Unknown Source)
	at sun.reflect.DelegatingConstructorAccessorImpl.newInstance(Unknown Source)
	at java.lang.reflect.Constructor.newInstance(Unknown Source)
	at org.openqa.selenium.remote.ErrorHandler.createThrowable(ErrorHandler.java:204)
	at org.openqa.selenium.remote.ErrorHandler.throwIfResponseFailed(ErrorHandler.java:156)
	at org.openqa.selenium.remote.RemoteWebDriver.execute(RemoteWebDriver.java:599)
	at org.openqa.selenium.remote.RemoteWebDriver.findElement(RemoteWebDriver.java:352)
	at org.openqa.selenium.remote.RemoteWebDriver.findElementByXPath(RemoteWebDriver.java:449)
	at org.openqa.selenium.By$ByXPath.findElement(By.java:357)
	at org.openqa.selenium.remote.RemoteWebDriver.findElement(RemoteWebDriver.java:344)
	at org.openqa.selenium.support.pagefactory.DefaultElementLocator.findElement(DefaultElementLocator.java:59)
	at org.openqa.selenium.support.pagefactory.internal.LocatingElementHandler.invoke(LocatingElementHandler.java:37)
	at com.sun.proxy.$Proxy10.click(Unknown Source)
	at pages.TestCreation.selectTestBank(TestCreation.java:478)
	at tests.TestCreationTest.testItemAlertMessage(TestCreationTest.java:116)
	at sun.reflect.NativeMethodAccessorImpl.invoke0(Native Method)
	at sun.reflect.NativeMethodAccessorImpl.invoke(Unknown Source)
	at sun.reflect.DelegatingMethodAccessorImpl.invoke(Unknown Source)
	at java.lang.reflect.Method.invoke(Unknown Source)
	at org.testng.internal.MethodInvocationHelper.invokeMethod(MethodInvocationHelper.java:84)
	at org.testng.internal.Invoker.invokeMethod(Invoker.java:714)
	at org.testng.internal.Invoker.invokeTestMethod(Invoker.java:901)
	at org.testng.internal.Invoker.invokeTestMethods(Invoker.java:1231)
	at org.testng.internal.TestMethodWorker.invokeTestMethods(TestMethodWorker.java:127)
	at org.testng.internal.TestMethodWorker.run(TestMethodWorker.java:111)
	at org.testng.TestRunner.privateRun(TestRunner.java:767)
	at org.testng.TestRunner.run(TestRunner.java:617)
	at org.testng.SuiteRunner.runTest(SuiteRunner.java:334)
	at org.testng.SuiteRunner.runSequentially(SuiteRunner.java:329)
	at org.testng.SuiteRunner.privateRun(SuiteRunner.java:291)
	at org.testng.SuiteRunner.run(SuiteRunner.java:240)
	at org.testng.SuiteRunnerWorker.runSuite(SuiteRunnerWorker.java:52)
	at org.testng.SuiteRunnerWorker.run(SuiteRunnerWorker.java:86)
	at org.testng.TestNG.runSuitesSequentially(TestNG.java:1224)
	at org.testng.TestNG.runSuitesLocally(TestNG.java:1149)
	at org.testng.TestNG.run(TestNG.java:1057)
	at org.testng.remote.RemoteTestNG.run(RemoteTestNG.java:111)
	at org.testng.remote.RemoteTestNG.initAndRun(RemoteTestNG.java:204)
	at org.testng.remote.RemoteTestNG.main(RemoteTestNG.java:175)
]]>
            </full-stacktrace>
          </exception> <!-- org.openqa.selenium.NoSuchElementException -->
          <reporter-output>
          </reporter-output>
        </test-method> <!-- testItemAlertMessage -->
        <test-method status="PASS" signature="tearDown()[pri:0, instance:tests.TestCreationTest@4c203ea1]" name="tearDown" is-config="true" duration-ms="0" started-at="2016-04-05T09:35:01Z" finished-at="2016-04-05T09:35:01Z">
          <reporter-output>
          </reporter-output>
        </test-method> <!-- tearDown -->
        <test-method status="PASS" signature="classTearDown()[pri:0, instance:tests.TestCreationTest@4c203ea1]" name="classTearDown" is-config="true" duration-ms="1088" started-at="2016-04-05T09:35:01Z" finished-at="2016-04-05T09:35:02Z">
          <reporter-output>
          </reporter-output>
        </test-method> <!-- classTearDown -->
      </class> <!-- tests.TestCreationTest -->
    </test> <!-- Unity -->
  </suite> <!-- TestSuite -->
</testng-results>
